TN:
SF:/Users/Shared/Development/projects/task-handler/src/constants.js
FN:3,(anonymous_0)
FNF:1
FNH:1
FNDA:12,(anonymous_0)
DA:3,1
DA:5,1
DA:7,1
DA:9,1
LF:4
LH:4
BRF:0
BRH:0
end_of_record
TN:
SF:/Users/Shared/Development/projects/task-handler/src/defer.js
FN:4,buildDeferTimeoutHandler
FN:9,cancellableNextTick
FN:12,(anonymous_2)
FN:19,cancelNextTick
FN:32,createDeferQueue
FN:42,flush
FN:43,(anonymous_6)
FN:55,(anonymous_7)
FN:63,(anonymous_8)
FN:69,(anonymous_9)
FN:86,(anonymous_10)
FNF:11
FNH:11
FNDA:20,buildDeferTimeoutHandler
FNDA:21,cancellableNextTick
FNDA:21,(anonymous_2)
FNDA:14,cancelNextTick
FNDA:20,createDeferQueue
FNDA:14,flush
FNDA:15,(anonymous_6)
FNDA:14,(anonymous_7)
FNDA:18,(anonymous_8)
FNDA:26,(anonymous_9)
FNDA:18,(anonymous_10)
DA:7,20
DA:8,20
DA:9,20
DA:10,21
DA:11,21
DA:12,21
DA:13,21
DA:14,14
DA:15,14
DA:19,20
DA:20,14
DA:29,20
DA:33,20
DA:34,20
DA:37,20
DA:43,14
DA:47,15
DA:48,15
DA:50,14
DA:51,14
DA:54,20
DA:57,14
DA:59,14
DA:61,14
DA:64,18
DA:65,18
DA:66,14
DA:70,26
DA:71,26
DA:72,26
DA:73,21
DA:74,20
DA:77,21
DA:78,21
DA:85,26
DA:86,26
DA:90,20
LF:37
LH:37
BRDA:7,0,0,20
BRDA:7,1,0,20
BRDA:7,1,1,20
BRDA:13,2,0,14
BRDA:13,2,1,7
BRDA:57,3,0,14
BRDA:65,4,0,14
BRDA:65,4,1,4
BRDA:72,5,0,21
BRDA:72,5,1,5
BRDA:73,6,0,20
BRDA:73,6,1,1
BRDA:77,7,0,21
BRF:13
BRH:13
end_of_record
TN:
SF:/Users/Shared/Development/projects/task-handler/src/index.js
FN:26,sequentialLoop
FN:39,createTaskRef
FN:51,(anonymous_2)
FN:53,(anonymous_3)
FN:59,(anonymous_4)
FN:71,(anonymous_5)
FN:77,(anonymous_6)
FN:78,promisedResult
FN:98,(anonymous_8)
FN:104,promiseIterator
FN:137,(anonymous_10)
FN:168,(anonymous_11)
FN:203,(anonymous_12)
FN:208,(anonymous_13)
FN:213,(anonymous_14)
FN:238,createTaskHandler
FN:242,getQueue
FN:250,clearRef
FN:263,cancelID
FN:272,execute
FN:290,asyncExecute
FN:310,(anonymous_21)
FN:313,(anonymous_22)
FN:314,(anonymous_23)
FN:316,(anonymous_24)
FN:324,(anonymous_25)
FN:327,(anonymous_26)
FN:333,(anonymous_27)
FN:334,(anonymous_28)
FN:337,(anonymous_29)
FN:345,(anonymous_30)
FN:348,(anonymous_31)
FN:356,(anonymous_32)
FN:359,(anonymous_33)
FN:366,(anonymous_34)
FN:376,(anonymous_35)
FN:380,(anonymous_36)
FN:386,(anonymous_37)
FN:393,(anonymous_38)
FN:393,(anonymous_39)
FN:398,(anonymous_40)
FN:404,(anonymous_41)
FN:416,(anonymous_42)
FN:422,(anonymous_43)
FN:422,(anonymous_44)
FN:427,(anonymous_45)
FN:433,(anonymous_46)
FN:445,(anonymous_47)
FN:447,(anonymous_48)
FN:449,(anonymous_49)
FN:454,(anonymous_50)
FNF:51
FNH:51
FNDA:4,sequentialLoop
FNDA:54,createTaskRef
FNDA:40,(anonymous_2)
FNDA:40,(anonymous_3)
FNDA:4,(anonymous_4)
FNDA:9,(anonymous_5)
FNDA:22,(anonymous_6)
FNDA:22,promisedResult
FNDA:5,(anonymous_8)
FNDA:4,promiseIterator
FNDA:38,(anonymous_10)
FNDA:74,(anonymous_11)
FNDA:2,(anonymous_12)
FNDA:2,(anonymous_13)
FNDA:12,(anonymous_14)
FNDA:43,createTaskHandler
FNDA:26,getQueue
FNDA:107,clearRef
FNDA:91,cancelID
FNDA:58,execute
FNDA:11,asyncExecute
FNDA:1,(anonymous_21)
FNDA:4,(anonymous_22)
FNDA:5,(anonymous_23)
FNDA:12,(anonymous_24)
FNDA:12,(anonymous_25)
FNDA:17,(anonymous_26)
FNDA:8,(anonymous_27)
FNDA:9,(anonymous_28)
FNDA:4,(anonymous_29)
FNDA:4,(anonymous_30)
FNDA:7,(anonymous_31)
FNDA:5,(anonymous_32)
FNDA:7,(anonymous_33)
FNDA:2,(anonymous_34)
FNDA:2,(anonymous_35)
FNDA:2,(anonymous_36)
FNDA:2,(anonymous_37)
FNDA:4,(anonymous_38)
FNDA:4,(anonymous_39)
FNDA:5,(anonymous_40)
FNDA:2,(anonymous_41)
FNDA:2,(anonymous_42)
FNDA:7,(anonymous_43)
FNDA:7,(anonymous_44)
FNDA:6,(anonymous_45)
FNDA:10,(anonymous_46)
FNDA:91,(anonymous_47)
FNDA:91,(anonymous_48)
FNDA:1,(anonymous_49)
FNDA:25,(anonymous_50)
DA:28,4
DA:29,2
DA:30,2
DA:32,4
DA:33,11
DA:34,11
DA:35,9
DA:45,54
DA:51,54
DA:52,40
DA:53,40
DA:54,40
DA:56,40
DA:59,54
DA:60,4
DA:61,4
DA:62,4
DA:63,4
DA:64,4
DA:65,3
DA:67,4
DA:70,54
DA:72,9
DA:73,8
DA:75,1
DA:78,22
DA:80,22
DA:81,22
DA:82,6
DA:83,2
DA:85,4
DA:87,16
DA:88,16
DA:89,13
DA:91,22
DA:92,17
DA:93,17
DA:99,5
DA:100,1
DA:104,4
DA:110,4
DA:111,4
DA:112,24
DA:114,24
DA:115,23
DA:116,23
DA:117,23
DA:118,23
DA:121,3
DA:123,4
DA:124,1
DA:125,1
DA:138,38
DA:139,4
DA:141,34
DA:142,34
DA:143,33
DA:144,33
DA:145,33
DA:146,9
DA:148,33
DA:150,6
DA:151,4
DA:161,6
DA:162,1
DA:169,74
DA:170,71
DA:171,71
DA:172,20
DA:174,71
DA:175,0
DA:183,0
DA:185,71
DA:186,71
DA:187,4
DA:188,0
DA:190,4
DA:191,2
DA:194,71
DA:195,33
DA:196,29
DA:204,2
DA:206,2
DA:209,2
DA:211,2
DA:214,12
DA:215,7
DA:216,7
DA:217,7
DA:219,7
DA:224,54
DA:225,10
DA:226,10
DA:227,10
DA:231,10
DA:232,10
DA:235,53
DA:239,43
DA:243,26
DA:244,6
DA:246,20
DA:247,20
DA:251,107
DA:252,107
DA:253,61
DA:255,46
DA:256,46
DA:257,46
DA:258,46
DA:260,46
DA:265,91
DA:266,91
DA:268,38
DA:276,58
DA:277,58
DA:278,16
DA:279,16
DA:281,58
DA:283,56
DA:286,2
DA:295,11
DA:296,11
DA:297,0
DA:298,0
DA:300,11
DA:302,11
DA:305,0
DA:309,43
DA:311,1
DA:314,5
DA:322,12
DA:323,12
DA:324,12
DA:325,12
DA:332,17
DA:333,17
DA:334,17
DA:335,17
DA:343,4
DA:344,4
DA:345,4
DA:346,4
DA:354,7
DA:355,7
DA:356,7
DA:357,7
DA:360,7
DA:361,7
DA:364,7
DA:374,2
DA:376,2
DA:377,2
DA:380,2
DA:381,2
DA:384,2
DA:387,2
DA:388,2
DA:389,2
DA:393,4
DA:394,4
DA:395,4
DA:398,5
DA:400,2
DA:402,2
DA:412,2
DA:414,2
DA:417,2
DA:418,2
DA:422,7
DA:423,7
DA:424,7
DA:427,6
DA:429,2
DA:431,2
DA:438,10
DA:443,9
DA:446,91
DA:447,91
DA:448,91
DA:450,1
DA:455,25
DA:459,43
LF:182
LH:176
BRDA:28,0,0,2
BRDA:28,0,1,2
BRDA:34,1,0,2
BRDA:34,1,1,9
BRDA:52,2,0,0
BRDA:52,2,1,40
BRDA:61,3,0,2
BRDA:61,3,1,2
BRDA:64,4,0,3
BRDA:64,4,1,1
BRDA:72,5,0,8
BRDA:72,5,1,1
BRDA:81,6,0,6
BRDA:81,6,1,16
BRDA:82,7,0,2
BRDA:82,7,1,4
BRDA:91,8,0,17
BRDA:91,8,1,5
BRDA:99,9,0,1
BRDA:99,9,1,4
BRDA:116,10,0,23
BRDA:116,10,1,0
BRDA:123,11,0,1
BRDA:123,11,1,3
BRDA:138,12,0,4
BRDA:138,12,1,34
BRDA:138,13,0,38
BRDA:138,13,1,34
BRDA:142,14,0,33
BRDA:142,14,1,1
BRDA:145,15,0,9
BRDA:145,15,1,24
BRDA:148,16,0,6
BRDA:148,16,1,27
BRDA:150,17,0,4
BRDA:161,18,0,1
BRDA:161,18,1,5
BRDA:169,19,0,71
BRDA:169,19,1,3
BRDA:171,20,0,20
BRDA:171,20,1,51
BRDA:174,21,0,0
BRDA:174,21,1,71
BRDA:174,22,0,71
BRDA:174,22,1,4
BRDA:185,23,0,4
BRDA:185,23,1,67
BRDA:186,24,0,4
BRDA:186,24,1,67
BRDA:187,25,0,0
BRDA:187,25,1,4
BRDA:187,26,0,4
BRDA:187,26,1,2
BRDA:190,27,0,2
BRDA:190,27,1,2
BRDA:194,28,0,33
BRDA:194,28,1,38
BRDA:195,29,0,4
BRDA:195,29,1,29
BRDA:214,30,0,7
BRDA:214,30,1,5
BRDA:214,31,0,12
BRDA:214,31,1,8
BRDA:215,32,0,7
BRDA:215,32,1,0
BRDA:224,33,0,10
BRDA:224,33,1,44
BRDA:243,34,0,6
BRDA:243,34,1,20
BRDA:252,35,0,61
BRDA:252,35,1,46
BRDA:256,36,0,46
BRDA:256,36,1,0
BRDA:256,37,0,46
BRDA:256,37,1,8
BRDA:266,38,0,38
BRDA:266,38,1,53
BRDA:277,39,0,16
BRDA:277,39,1,42
BRDA:281,40,0,41
BRDA:281,40,1,17
BRDA:296,41,0,0
BRDA:296,41,1,11
BRDA:300,42,0,11
BRDA:300,42,1,0
BRDA:440,43,0,10
BRDA:440,43,1,0
BRF:87
BRH:78
end_of_record
