TN:
SF:/Users/Shared/Development/projects/task-handler/src/constants.js
FN:3,(anonymous_0)
FNF:1
FNH:1
FNDA:8,(anonymous_0)
DA:3,1
DA:5,1
DA:7,1
DA:9,1
LF:4
LH:4
BRF:0
BRH:0
end_of_record
TN:
SF:/Users/Shared/Development/projects/task-handler/src/defer.js
FN:4,buildDeferTimeoutHandler
FN:9,cancellableNextTick
FN:12,(anonymous_2)
FN:19,cancelNextTick
FN:32,createDeferQueue
FN:42,flush
FN:43,(anonymous_6)
FN:55,(anonymous_7)
FN:63,(anonymous_8)
FN:69,(anonymous_9)
FN:86,(anonymous_10)
FNF:11
FNH:11
FNDA:18,buildDeferTimeoutHandler
FNDA:19,cancellableNextTick
FNDA:19,(anonymous_2)
FNDA:12,cancelNextTick
FNDA:18,createDeferQueue
FNDA:12,flush
FNDA:13,(anonymous_6)
FNDA:12,(anonymous_7)
FNDA:16,(anonymous_8)
FNDA:24,(anonymous_9)
FNDA:16,(anonymous_10)
DA:7,18
DA:8,18
DA:9,18
DA:10,19
DA:11,19
DA:12,19
DA:13,19
DA:14,12
DA:15,12
DA:19,18
DA:20,12
DA:29,18
DA:33,18
DA:34,18
DA:37,18
DA:43,12
DA:47,13
DA:48,13
DA:50,12
DA:51,12
DA:54,18
DA:57,12
DA:59,12
DA:61,12
DA:64,16
DA:65,16
DA:66,12
DA:70,24
DA:71,24
DA:72,24
DA:73,19
DA:74,18
DA:77,19
DA:78,19
DA:85,24
DA:86,24
DA:90,18
LF:37
LH:37
BRDA:7,0,0,18
BRDA:7,1,0,18
BRDA:7,1,1,18
BRDA:13,2,0,12
BRDA:13,2,1,7
BRDA:57,3,0,12
BRDA:65,4,0,12
BRDA:65,4,1,4
BRDA:72,5,0,19
BRDA:72,5,1,5
BRDA:73,6,0,18
BRDA:73,6,1,1
BRDA:77,7,0,19
BRF:13
BRH:13
end_of_record
TN:
SF:/Users/Shared/Development/projects/task-handler/src/index.js
FN:19,createTaskRef
FN:31,(anonymous_1)
FN:33,(anonymous_2)
FN:40,(anonymous_3)
FN:46,(anonymous_4)
FN:47,promisedResult
FN:67,(anonymous_6)
FN:73,promiseIterator
FN:106,(anonymous_8)
FN:130,(anonymous_9)
FN:152,(anonymous_10)
FN:157,(anonymous_11)
FN:162,(anonymous_12)
FN:187,createTaskHandler
FN:191,getQueue
FN:199,clearRef
FN:212,cancelID
FN:221,execute
FN:241,(anonymous_18)
FN:244,(anonymous_19)
FN:245,(anonymous_20)
FN:247,(anonymous_21)
FN:255,(anonymous_22)
FN:258,(anonymous_23)
FN:264,(anonymous_24)
FN:265,(anonymous_25)
FN:268,(anonymous_26)
FN:276,(anonymous_27)
FN:279,(anonymous_28)
FN:287,(anonymous_29)
FN:290,(anonymous_30)
FN:297,(anonymous_31)
FN:309,(anonymous_32)
FN:311,(anonymous_33)
FN:313,(anonymous_34)
FN:318,(anonymous_35)
FNF:36
FNH:36
FNDA:47,createTaskRef
FNDA:37,(anonymous_1)
FNDA:37,(anonymous_2)
FNDA:7,(anonymous_3)
FNDA:16,(anonymous_4)
FNDA:16,promisedResult
FNDA:5,(anonymous_6)
FNDA:4,promiseIterator
FNDA:31,(anonymous_8)
FNDA:62,(anonymous_9)
FNDA:1,(anonymous_10)
FNDA:1,(anonymous_11)
FNDA:11,(anonymous_12)
FNDA:36,createTaskHandler
FNDA:24,getQueue
FNDA:93,clearRef
FNDA:77,cancelID
FNDA:59,execute
FNDA:1,(anonymous_18)
FNDA:4,(anonymous_19)
FNDA:5,(anonymous_20)
FNDA:12,(anonymous_21)
FNDA:12,(anonymous_22)
FNDA:17,(anonymous_23)
FNDA:8,(anonymous_24)
FNDA:9,(anonymous_25)
FNDA:4,(anonymous_26)
FNDA:4,(anonymous_27)
FNDA:7,(anonymous_28)
FNDA:5,(anonymous_29)
FNDA:7,(anonymous_30)
FNDA:7,(anonymous_31)
FNDA:77,(anonymous_32)
FNDA:77,(anonymous_33)
FNDA:1,(anonymous_34)
FNDA:18,(anonymous_35)
DA:25,47
DA:31,47
DA:32,37
DA:33,37
DA:34,37
DA:36,37
DA:39,47
DA:41,7
DA:42,6
DA:44,1
DA:47,16
DA:49,16
DA:50,16
DA:51,3
DA:52,1
DA:54,2
DA:56,13
DA:57,13
DA:58,11
DA:60,16
DA:61,14
DA:62,14
DA:68,5
DA:69,1
DA:73,4
DA:79,4
DA:80,4
DA:81,24
DA:83,24
DA:84,23
DA:85,23
DA:86,23
DA:87,23
DA:90,3
DA:92,4
DA:93,1
DA:94,1
DA:107,31
DA:108,2
DA:110,29
DA:111,29
DA:112,28
DA:113,28
DA:114,28
DA:115,8
DA:117,28
DA:119,5
DA:120,4
DA:131,62
DA:132,61
DA:133,61
DA:134,18
DA:136,61
DA:137,31
DA:138,3
DA:139,3
DA:140,3
DA:141,3
DA:142,3
DA:143,3
DA:145,28
DA:153,1
DA:155,1
DA:158,1
DA:160,1
DA:163,11
DA:164,7
DA:165,6
DA:166,6
DA:168,7
DA:173,47
DA:174,7
DA:175,7
DA:176,7
DA:180,7
DA:181,7
DA:184,46
DA:188,36
DA:192,24
DA:193,6
DA:195,18
DA:196,18
DA:200,93
DA:201,93
DA:202,54
DA:204,39
DA:205,39
DA:206,39
DA:207,39
DA:209,39
DA:214,77
DA:215,77
DA:217,31
DA:225,59
DA:226,59
DA:227,16
DA:228,16
DA:231,59
DA:233,57
DA:236,2
DA:240,36
DA:242,1
DA:245,5
DA:253,12
DA:254,12
DA:255,12
DA:256,12
DA:263,17
DA:264,17
DA:265,17
DA:266,17
DA:274,4
DA:275,4
DA:276,4
DA:277,4
DA:285,7
DA:286,7
DA:287,7
DA:288,7
DA:291,7
DA:292,7
DA:295,7
DA:302,7
DA:307,6
DA:310,77
DA:311,77
DA:312,77
DA:314,1
DA:319,18
DA:323,36
LF:130
LH:130
BRDA:32,0,0,0
BRDA:32,0,1,37
BRDA:41,1,0,6
BRDA:41,1,1,1
BRDA:50,2,0,3
BRDA:50,2,1,13
BRDA:51,3,0,1
BRDA:51,3,1,2
BRDA:60,4,0,14
BRDA:60,4,1,2
BRDA:68,5,0,1
BRDA:68,5,1,4
BRDA:85,6,0,23
BRDA:85,6,1,0
BRDA:92,7,0,1
BRDA:92,7,1,3
BRDA:107,8,0,2
BRDA:107,8,1,29
BRDA:107,9,0,31
BRDA:107,9,1,29
BRDA:111,10,0,28
BRDA:111,10,1,1
BRDA:114,11,0,8
BRDA:114,11,1,20
BRDA:117,12,0,5
BRDA:117,12,1,23
BRDA:119,13,0,4
BRDA:131,14,0,61
BRDA:131,14,1,1
BRDA:133,15,0,18
BRDA:133,15,1,43
BRDA:136,16,0,31
BRDA:136,16,1,30
BRDA:137,17,0,3
BRDA:137,17,1,28
BRDA:139,18,0,2
BRDA:139,18,1,1
BRDA:163,19,0,7
BRDA:163,19,1,4
BRDA:163,20,0,11
BRDA:163,20,1,8
BRDA:164,21,0,6
BRDA:164,21,1,1
BRDA:173,22,0,7
BRDA:173,22,1,40
BRDA:192,23,0,6
BRDA:192,23,1,18
BRDA:201,24,0,54
BRDA:201,24,1,39
BRDA:205,25,0,39
BRDA:205,25,1,0
BRDA:205,26,0,39
BRDA:205,26,1,8
BRDA:215,27,0,31
BRDA:215,27,1,46
BRDA:226,28,0,16
BRDA:226,28,1,43
BRDA:231,29,0,42
BRDA:231,29,1,17
BRDA:304,30,0,7
BRDA:304,30,1,0
BRF:61
BRH:57
end_of_record
