TN:
SF:/Users/Shared/Development/projects/task-handler/src/constants.js
FN:3,(anonymous_0)
FNF:1
FNH:1
FNDA:6,(anonymous_0)
DA:3,1
DA:5,1
DA:7,1
DA:9,1
LF:4
LH:4
BRF:0
BRH:0
end_of_record
TN:
SF:/Users/Shared/Development/projects/task-handler/src/defer.js
FN:3,buildDeferTimeoutHandler
FN:6,cancellableNextTick
FN:9,(anonymous_2)
FN:16,cancelNextTick
FN:28,createDeferQueue
FN:38,flush
FN:39,(anonymous_6)
FN:51,(anonymous_7)
FN:57,(anonymous_8)
FN:63,(anonymous_9)
FN:73,(anonymous_10)
FNF:11
FNH:11
FNDA:15,buildDeferTimeoutHandler
FNDA:16,cancellableNextTick
FNDA:16,(anonymous_2)
FNDA:9,cancelNextTick
FNDA:15,createDeferQueue
FNDA:9,flush
FNDA:10,(anonymous_6)
FNDA:9,(anonymous_7)
FNDA:13,(anonymous_8)
FNDA:21,(anonymous_9)
FNDA:13,(anonymous_10)
DA:4,15
DA:5,15
DA:6,15
DA:7,16
DA:8,16
DA:9,16
DA:10,16
DA:11,9
DA:12,9
DA:16,15
DA:17,9
DA:19,0
DA:20,0
DA:21,0
DA:23,0
DA:24,0
DA:29,15
DA:30,15
DA:33,15
DA:39,9
DA:43,10
DA:44,10
DA:46,9
DA:47,9
DA:50,15
DA:52,9
DA:53,9
DA:55,9
DA:58,13
DA:59,13
DA:60,9
DA:64,21
DA:65,21
DA:66,21
DA:67,16
DA:68,15
DA:70,16
DA:72,21
DA:73,21
DA:77,15
LF:40
LH:35
BRDA:4,0,0,15
BRDA:4,0,1,0
BRDA:4,1,0,15
BRDA:4,1,1,15
BRDA:10,2,0,9
BRDA:10,2,1,7
BRDA:19,3,0,0
BRDA:19,3,1,0
BRDA:52,4,0,9
BRDA:52,4,1,0
BRDA:59,5,0,9
BRDA:59,5,1,4
BRDA:66,6,0,16
BRDA:66,6,1,5
BRDA:67,7,0,15
BRDA:67,7,1,1
BRF:16
BRH:12
end_of_record
TN:
SF:/Users/Shared/Development/projects/task-handler/src/index.js
FN:12,createTaskRef
FN:25,(anonymous_1)
FN:27,(anonymous_2)
FN:33,(anonymous_3)
FN:39,(anonymous_4)
FN:41,promiseIterator
FN:62,(anonymous_6)
FN:65,promisedResult
FN:89,(anonymous_8)
FN:109,(anonymous_9)
FN:128,(anonymous_10)
FN:131,(anonymous_11)
FN:134,(anonymous_12)
FN:150,createTaskHandler
FN:154,getQueue
FN:162,cancelID
FN:170,execute
FN:180,(anonymous_17)
FN:183,(anonymous_18)
FN:191,(anonymous_19)
FN:194,(anonymous_20)
FN:200,(anonymous_21)
FN:201,(anonymous_22)
FN:204,(anonymous_23)
FN:212,(anonymous_24)
FN:215,(anonymous_25)
FN:223,(anonymous_26)
FN:226,(anonymous_27)
FN:233,(anonymous_28)
FN:242,(anonymous_29)
FN:244,(anonymous_30)
FN:246,(anonymous_31)
FN:251,(anonymous_32)
FNF:33
FNH:33
FNDA:35,createTaskRef
FNDA:19,(anonymous_1)
FNDA:19,(anonymous_2)
FNDA:2,(anonymous_3)
FNDA:12,(anonymous_4)
FNDA:2,promiseIterator
FNDA:2,(anonymous_6)
FNDA:8,promisedResult
FNDA:24,(anonymous_8)
FNDA:32,(anonymous_9)
FNDA:1,(anonymous_10)
FNDA:1,(anonymous_11)
FNDA:4,(anonymous_12)
FNDA:25,createTaskHandler
FNDA:21,getQueue
FNDA:58,cancelID
FNDA:30,execute
FNDA:1,(anonymous_17)
FNDA:4,(anonymous_18)
FNDA:2,(anonymous_19)
FNDA:17,(anonymous_20)
FNDA:8,(anonymous_21)
FNDA:9,(anonymous_22)
FNDA:4,(anonymous_23)
FNDA:4,(anonymous_24)
FNDA:4,(anonymous_25)
FNDA:2,(anonymous_26)
FNDA:4,(anonymous_27)
FNDA:6,(anonymous_28)
FNDA:54,(anonymous_29)
FNDA:58,(anonymous_30)
FNDA:1,(anonymous_31)
FNDA:10,(anonymous_32)
DA:18,35
DA:25,35
DA:27,19
DA:28,19
DA:32,35
DA:34,2
DA:35,2
DA:37,0
DA:40,12
DA:41,2
DA:42,2
DA:43,2
DA:44,13
DA:45,2
DA:47,11
DA:49,11
DA:50,11
DA:51,11
DA:52,11
DA:54,2
DA:56,2
DA:57,2
DA:61,10
DA:62,2
DA:64,8
DA:66,8
DA:67,8
DA:68,0
DA:70,8
DA:71,8
DA:72,6
DA:74,2
DA:75,2
DA:76,2
DA:78,8
DA:79,8
DA:82,8
DA:90,24
DA:91,1
DA:93,23
DA:94,23
DA:95,23
DA:96,23
DA:97,6
DA:99,23
DA:100,4
DA:101,3
DA:102,1
DA:103,1
DA:110,32
DA:111,0
DA:113,32
DA:114,32
DA:115,12
DA:117,32
DA:118,15
DA:119,2
DA:120,2
DA:121,2
DA:123,13
DA:129,1
DA:132,1
DA:135,4
DA:136,4
DA:137,4
DA:141,35
DA:142,6
DA:143,6
DA:144,6
DA:147,35
DA:151,25
DA:155,21
DA:156,6
DA:158,15
DA:159,15
DA:163,58
DA:164,24
DA:165,24
DA:166,24
DA:167,24
DA:171,30
DA:172,30
DA:173,29
DA:175,1
DA:179,25
DA:181,1
DA:189,4
DA:190,4
DA:191,4
DA:192,4
DA:199,17
DA:200,17
DA:201,17
DA:202,17
DA:210,4
DA:211,4
DA:212,4
DA:213,4
DA:221,4
DA:222,4
DA:223,4
DA:224,4
DA:227,4
DA:228,4
DA:231,4
DA:238,6
DA:239,6
DA:240,6
DA:243,54
DA:244,58
DA:245,54
DA:247,1
DA:252,10
DA:256,25
LF:114
LH:111
BRDA:25,0,0,19
BRDA:25,0,1,19
BRDA:34,1,0,2
BRDA:34,1,1,0
BRDA:40,2,0,2
BRDA:40,2,1,10
BRDA:44,3,0,2
BRDA:44,3,1,11
BRDA:61,4,0,2
BRDA:61,4,1,8
BRDA:64,5,0,8
BRDA:64,5,1,8
BRDA:67,6,0,0
BRDA:67,6,1,8
BRDA:90,7,0,1
BRDA:90,7,1,23
BRDA:96,8,0,6
BRDA:96,8,1,17
BRDA:99,9,0,4
BRDA:99,9,1,19
BRDA:100,10,0,3
BRDA:100,10,1,1
BRDA:102,11,0,1
BRDA:102,11,1,0
BRDA:110,12,0,0
BRDA:110,12,1,32
BRDA:114,13,0,12
BRDA:114,13,1,20
BRDA:117,14,0,15
BRDA:117,14,1,17
BRDA:118,15,0,2
BRDA:118,15,1,13
BRDA:119,16,0,1
BRDA:119,16,1,1
BRDA:141,17,0,6
BRDA:141,17,1,29
BRDA:155,18,0,6
BRDA:155,18,1,15
BRDA:163,19,0,34
BRDA:163,19,1,24
BRDA:164,20,0,24
BRDA:164,20,1,0
BRDA:170,21,0,30
BRDA:172,22,0,19
BRDA:172,22,1,11
BRDA:236,23,0,6
BRF:46
BRH:41
end_of_record
