TN:
SF:/Users/Shared/Development/projects/task-handler/src/constants.js
FN:3,(anonymous_0)
FNF:1
FNH:1
FNDA:5,(anonymous_0)
DA:3,1
DA:5,1
DA:7,1
DA:9,1
LF:4
LH:4
BRF:0
BRH:0
end_of_record
TN:
SF:/Users/Shared/Development/projects/task-handler/src/defer.js
FN:3,buildDeferTimeoutHandler
FN:6,cancellableNextTick
FN:9,(anonymous_2)
FN:16,cancelNextTick
FN:28,createDeferQueue
FN:38,flush
FN:39,(anonymous_6)
FN:51,(anonymous_7)
FN:57,(anonymous_8)
FN:63,(anonymous_9)
FN:73,(anonymous_10)
FNF:11
FNH:11
FNDA:14,buildDeferTimeoutHandler
FNDA:15,cancellableNextTick
FNDA:15,(anonymous_2)
FNDA:8,cancelNextTick
FNDA:14,createDeferQueue
FNDA:8,flush
FNDA:9,(anonymous_6)
FNDA:8,(anonymous_7)
FNDA:12,(anonymous_8)
FNDA:20,(anonymous_9)
FNDA:12,(anonymous_10)
DA:4,14
DA:5,14
DA:6,14
DA:7,15
DA:8,15
DA:9,15
DA:10,15
DA:11,8
DA:12,8
DA:16,14
DA:17,8
DA:19,0
DA:20,0
DA:21,0
DA:23,0
DA:24,0
DA:29,14
DA:30,14
DA:33,14
DA:39,8
DA:43,9
DA:44,9
DA:46,8
DA:47,8
DA:50,14
DA:52,8
DA:53,8
DA:55,8
DA:58,12
DA:59,12
DA:60,8
DA:64,20
DA:65,20
DA:66,20
DA:67,15
DA:68,14
DA:70,15
DA:72,20
DA:73,20
DA:77,14
LF:40
LH:35
BRDA:4,0,0,14
BRDA:4,0,1,0
BRDA:4,1,0,14
BRDA:4,1,1,14
BRDA:10,2,0,8
BRDA:10,2,1,7
BRDA:19,3,0,0
BRDA:19,3,1,0
BRDA:52,4,0,8
BRDA:52,4,1,0
BRDA:59,5,0,8
BRDA:59,5,1,4
BRDA:66,6,0,15
BRDA:66,6,1,5
BRDA:67,7,0,14
BRDA:67,7,1,1
BRF:16
BRH:12
end_of_record
TN:
SF:/Users/Shared/Development/projects/task-handler/src/index.js
FN:12,createTaskRef
FN:25,(anonymous_1)
FN:27,(anonymous_2)
FN:33,(anonymous_3)
FN:39,(anonymous_4)
FN:41,promiseIterator
FN:62,(anonymous_6)
FN:65,promisedResult
FN:89,(anonymous_8)
FN:109,(anonymous_9)
FN:128,(anonymous_10)
FN:131,(anonymous_11)
FN:134,(anonymous_12)
FN:150,createTaskHandler
FN:154,getQueue
FN:162,cancelID
FN:170,execute
FN:180,(anonymous_17)
FN:183,(anonymous_18)
FN:191,(anonymous_19)
FN:194,(anonymous_20)
FN:200,(anonymous_21)
FN:201,(anonymous_22)
FN:204,(anonymous_23)
FN:212,(anonymous_24)
FN:215,(anonymous_25)
FN:223,(anonymous_26)
FN:226,(anonymous_27)
FN:232,(anonymous_28)
FN:241,(anonymous_29)
FN:243,(anonymous_30)
FN:245,(anonymous_31)
FN:250,(anonymous_32)
FNF:33
FNH:32
FNDA:33,createTaskRef
FNDA:8,(anonymous_1)
FNDA:8,(anonymous_2)
FNDA:2,(anonymous_3)
FNDA:10,(anonymous_4)
FNDA:0,promiseIterator
FNDA:2,(anonymous_6)
FNDA:8,promisedResult
FNDA:21,(anonymous_8)
FNDA:21,(anonymous_9)
FNDA:1,(anonymous_10)
FNDA:1,(anonymous_11)
FNDA:2,(anonymous_12)
FNDA:23,createTaskHandler
FNDA:20,getQueue
FNDA:53,cancelID
FNDA:19,execute
FNDA:1,(anonymous_17)
FNDA:4,(anonymous_18)
FNDA:2,(anonymous_19)
FNDA:17,(anonymous_20)
FNDA:8,(anonymous_21)
FNDA:9,(anonymous_22)
FNDA:3,(anonymous_23)
FNDA:3,(anonymous_24)
FNDA:3,(anonymous_25)
FNDA:1,(anonymous_26)
FNDA:3,(anonymous_27)
FNDA:6,(anonymous_28)
FNDA:47,(anonymous_29)
FNDA:53,(anonymous_30)
FNDA:1,(anonymous_31)
FNDA:7,(anonymous_32)
DA:18,33
DA:25,33
DA:27,8
DA:28,8
DA:32,33
DA:34,2
DA:35,2
DA:37,0
DA:40,10
DA:41,0
DA:42,0
DA:43,0
DA:44,0
DA:45,0
DA:47,0
DA:49,0
DA:50,0
DA:51,0
DA:52,0
DA:54,0
DA:56,0
DA:57,0
DA:61,10
DA:62,2
DA:64,8
DA:66,8
DA:67,8
DA:68,0
DA:70,8
DA:71,8
DA:72,6
DA:74,2
DA:75,2
DA:76,2
DA:78,8
DA:79,8
DA:82,8
DA:90,21
DA:91,0
DA:93,21
DA:94,21
DA:95,21
DA:96,21
DA:97,4
DA:99,21
DA:100,4
DA:101,4
DA:102,0
DA:103,0
DA:110,21
DA:111,0
DA:113,21
DA:114,21
DA:115,12
DA:117,21
DA:118,4
DA:119,2
DA:120,2
DA:121,2
DA:123,2
DA:129,1
DA:132,1
DA:135,2
DA:136,2
DA:137,2
DA:141,33
DA:142,6
DA:143,6
DA:144,6
DA:147,33
DA:151,23
DA:155,20
DA:156,6
DA:158,14
DA:159,14
DA:163,53
DA:164,21
DA:165,21
DA:166,21
DA:167,21
DA:171,19
DA:172,19
DA:173,18
DA:175,1
DA:179,23
DA:181,1
DA:189,4
DA:190,4
DA:191,4
DA:192,4
DA:199,17
DA:200,17
DA:201,17
DA:202,17
DA:210,3
DA:211,3
DA:212,3
DA:213,3
DA:221,3
DA:222,3
DA:223,3
DA:224,3
DA:227,3
DA:228,3
DA:237,6
DA:238,6
DA:239,6
DA:242,47
DA:243,53
DA:244,47
DA:246,1
DA:251,7
DA:255,23
LF:113
LH:94
BRDA:25,0,0,8
BRDA:25,0,1,8
BRDA:34,1,0,2
BRDA:34,1,1,0
BRDA:40,2,0,0
BRDA:40,2,1,10
BRDA:44,3,0,0
BRDA:44,3,1,0
BRDA:61,4,0,2
BRDA:61,4,1,8
BRDA:64,5,0,8
BRDA:64,5,1,8
BRDA:67,6,0,0
BRDA:67,6,1,8
BRDA:90,7,0,0
BRDA:90,7,1,21
BRDA:96,8,0,4
BRDA:96,8,1,17
BRDA:99,9,0,4
BRDA:99,9,1,17
BRDA:100,10,0,4
BRDA:100,10,1,0
BRDA:102,11,0,0
BRDA:102,11,1,0
BRDA:110,12,0,0
BRDA:110,12,1,21
BRDA:114,13,0,12
BRDA:114,13,1,9
BRDA:117,14,0,4
BRDA:117,14,1,17
BRDA:118,15,0,2
BRDA:118,15,1,2
BRDA:119,16,0,1
BRDA:119,16,1,1
BRDA:141,17,0,6
BRDA:141,17,1,27
BRDA:155,18,0,6
BRDA:155,18,1,14
BRDA:163,19,0,32
BRDA:163,19,1,21
BRDA:164,20,0,21
BRDA:164,20,1,0
BRDA:170,21,0,19
BRDA:172,22,0,19
BRDA:172,22,1,0
BRDA:235,23,0,6
BRF:46
BRH:34
end_of_record
